--------------------------------------------------------------------------------
Release 14.4 Trace  (nt64)
Copyright (c) 1995-2012 Xilinx, Inc.  All rights reserved.

C:\Xilinx\14.4\ISE_DS\ISE\bin\nt64\unwrapped\trce.exe -intstyle ise -v 3 -s 3
-n 3 -fastpaths -xml segments.twx segments.ncd -o segments.twr segments.pcf
-ucf ucf.ucf

Design file:              segments.ncd
Physical constraint file: segments.pcf
Device,package,speed:     xc7a100t,csg324,C,-3 (ADVANCED 1.06 2012-12-04)
Report level:             verbose report

Environment Variable      Effect 
--------------------      ------ 
NONE                      No environment variables were set
--------------------------------------------------------------------------------

INFO:Timing:2698 - No timing constraints found, doing default enumeration.
INFO:Timing:3412 - To improve timing, see the Timing Closure User Guide (UG612).
INFO:Timing:2752 - To get complete path coverage, use the unconstrained paths 
   option. All paths that are not constrained will be reported in the 
   unconstrained paths section(s) of the report.
INFO:Timing:3339 - The clock-to-out numbers in this timing report are based on 
   a 50 Ohm transmission line loading model.  For the details of this model, 
   and for more information on accounting for different loading conditions, 
   please see the device datasheet.



Data Sheet report:
-----------------
All values displayed in nanoseconds (ns)

Pad to Pad
---------------+---------------+---------+
Source Pad     |Destination Pad|  Delay  |
---------------+---------------+---------+
HEX<0>         |LED<0>         |    7.829|
HEX<0>         |LED<1>         |    7.577|
HEX<0>         |LED<2>         |    7.568|
HEX<0>         |LED<3>         |    7.606|
HEX<0>         |LED<4>         |    8.038|
HEX<0>         |LED<5>         |    7.457|
HEX<0>         |LED<6>         |    7.709|
HEX<0>         |Y              |    6.892|
HEX<1>         |LED<0>         |    8.105|
HEX<1>         |LED<1>         |    7.980|
HEX<1>         |LED<2>         |    8.085|
HEX<1>         |LED<3>         |    7.898|
HEX<1>         |LED<4>         |    7.989|
HEX<1>         |LED<5>         |    7.978|
HEX<1>         |LED<6>         |    7.652|
HEX<1>         |Y              |    7.177|
HEX<2>         |LED<0>         |    7.998|
HEX<2>         |LED<1>         |    7.670|
HEX<2>         |LED<2>         |    7.846|
HEX<2>         |LED<3>         |    7.776|
HEX<2>         |LED<4>         |    7.914|
HEX<2>         |LED<5>         |    7.729|
HEX<2>         |LED<6>         |    7.583|
HEX<2>         |Y              |    7.116|
HEX<3>         |LED<0>         |    7.711|
HEX<3>         |LED<1>         |    7.596|
HEX<3>         |LED<2>         |    7.971|
HEX<3>         |LED<3>         |    7.495|
HEX<3>         |LED<4>         |    8.127|
HEX<3>         |LED<5>         |    7.868|
HEX<3>         |LED<6>         |    7.805|
HEX<3>         |Y              |    7.134|
---------------+---------------+---------+


Analysis completed Tue Sep 28 10:53:09 2021 
--------------------------------------------------------------------------------

Trace Settings:
-------------------------
Trace Settings 

Peak Memory Usage: 5018 MB



