Release 14.4 - xst P.49d (nt64)
Copyright (c) 1995-2012 Xilinx, Inc.  All rights reserved.
--> Parameter TMPDIR set to xst/projnav.tmp


Total REAL time to Xst completion: 0.00 secs
Total CPU time to Xst completion: 0.24 secs
 
--> Parameter xsthdpdir set to xst


Total REAL time to Xst completion: 0.00 secs
Total CPU time to Xst completion: 0.24 secs
 
--> Reading design: ADD_FA_4bits.prj

TABLE OF CONTENTS
  1) Synthesis Options Summary
  2) HDL Parsing
  3) HDL Elaboration
  4) HDL Synthesis
       4.1) HDL Synthesis Report
  5) Advanced HDL Synthesis
       5.1) Advanced HDL Synthesis Report
  6) Low Level Synthesis
  7) Partition Report
  8) Design Summary
       8.1) Primitive and Black Box Usage
       8.2) Device utilization summary
       8.3) Partition Resource Summary
       8.4) Timing Report
            8.4.1) Clock Information
            8.4.2) Asynchronous Control Signals Information
            8.4.3) Timing Summary
            8.4.4) Timing Details
            8.4.5) Cross Clock Domains Report


=========================================================================
*                      Synthesis Options Summary                        *
=========================================================================
---- Source Parameters
Input File Name                    : "ADD_FA_4bits.prj"
Ignore Synthesis Constraint File   : NO

---- Target Parameters
Output File Name                   : "ADD_FA_4bits"
Output Format                      : NGC
Target Device                      : xc7a100t-3-csg324

---- Source Options
Top Module Name                    : ADD_FA_4bits
Automatic FSM Extraction           : YES
FSM Encoding Algorithm             : Auto
Safe Implementation                : No
FSM Style                          : LUT
RAM Extraction                     : Yes
RAM Style                          : Auto
ROM Extraction                     : Yes
Shift Register Extraction          : YES
ROM Style                          : Auto
Resource Sharing                   : YES
Asynchronous To Synchronous        : NO
Shift Register Minimum Size        : 2
Use DSP Block                      : Auto
Automatic Register Balancing       : No

---- Target Options
LUT Combining                      : Auto
Reduce Control Sets                : Auto
Add IO Buffers                     : YES
Global Maximum Fanout              : 100000
Add Generic Clock Buffer(BUFG)     : 32
Register Duplication               : YES
Optimize Instantiated Primitives   : NO
Use Clock Enable                   : Auto
Use Synchronous Set                : Auto
Use Synchronous Reset              : Auto
Pack IO Registers into IOBs        : Auto
Equivalent register Removal        : YES

---- General Options
Optimization Goal                  : Speed
Optimization Effort                : 1
Power Reduction                    : NO
Keep Hierarchy                     : No
Netlist Hierarchy                  : As_Optimized
RTL Output                         : Yes
Global Optimization                : AllClockNets
Read Cores                         : YES
Write Timing Constraints           : NO
Cross Clock Analysis               : NO
Hierarchy Separator                : /
Bus Delimiter                      : <>
Case Specifier                     : Maintain
Slice Utilization Ratio            : 100
BRAM Utilization Ratio             : 100
DSP48 Utilization Ratio            : 100
Auto BRAM Packing                  : NO
Slice Utilization Ratio Delta      : 5

=========================================================================


=========================================================================
*                          HDL Parsing                                  *
=========================================================================
Parsing VHDL file "C:\TP_FPGA\tp\tp2\ADD_FA_1bit.vhf" into library work
Parsing entity <ADD_FA_1bit>.
Parsing architecture <BEHAVIORAL> of entity <add_fa_1bit>.
Parsing VHDL file "C:\TP_FPGA\tp\tp2\ADD_FA_4bits.vhf" into library work
Parsing entity <ADD_FA_1bit_MUSER_ADD_FA_4bits>.
Parsing architecture <BEHAVIORAL> of entity <add_fa_1bit_muser_add_fa_4bits>.
Parsing entity <ADD_FA_4bits>.
Parsing architecture <BEHAVIORAL> of entity <add_fa_4bits>.

=========================================================================
*                            HDL Elaboration                            *
=========================================================================

Elaborating entity <ADD_FA_4bits> (architecture <BEHAVIORAL>) from library <work>.

Elaborating entity <ADD_FA_1bit_MUSER_ADD_FA_4bits> (architecture <BEHAVIORAL>) from library <work>.

=========================================================================
*                           HDL Synthesis                               *
=========================================================================

Synthesizing Unit <ADD_FA_4bits>.
    Related source file is "C:\TP_FPGA\tp\tp2\ADD_FA_4bits.vhf".
    Summary:
	no macro.
Unit <ADD_FA_4bits> synthesized.

Synthesizing Unit <ADD_FA_1bit_MUSER_ADD_FA_4bits>.
    Related source file is "C:\TP_FPGA\tp\tp2\ADD_FA_4bits.vhf".
    Summary:
	no macro.
Unit <ADD_FA_1bit_MUSER_ADD_FA_4bits> synthesized.

=========================================================================
HDL Synthesis Report

Found no macro
=========================================================================

=========================================================================
*                       Advanced HDL Synthesis                          *
=========================================================================


=========================================================================
Advanced HDL Synthesis Report

Found no macro
=========================================================================

=========================================================================
*                         Low Level Synthesis                           *
=========================================================================

Optimizing unit <ADD_FA_4bits> ...

Mapping all equations...
Building and optimizing final netlist ...
Found area constraint ratio of 100 (+ 5) on block ADD_FA_4bits, actual ratio is 0.

Final Macro Processing ...

=========================================================================
Final Register Report

Found no macro
=========================================================================

=========================================================================
*                           Partition Report                            *
=========================================================================

Partition Implementation Status
-------------------------------

  No Partitions were found in this design.

-------------------------------

=========================================================================
*                            Design Summary                             *
=========================================================================

Top Level Output File Name         : ADD_FA_4bits.ngc

Primitive and Black Box Usage:
------------------------------
# BELS                             : 20
#      AND2                        : 8
#      OR2                         : 4
#      XOR2                        : 8
# IO Buffers                       : 14
#      IBUF                        : 9
#      OBUF                        : 5

Device utilization summary:
---------------------------

Selected Device : 7a100tcsg324-3 


Slice Logic Utilization: 

Slice Logic Distribution: 
 Number of LUT Flip Flop pairs used:      0
   Number with an unused Flip Flop:       0  out of      0         
   Number with an unused LUT:             0  out of      0         
   Number of fully used LUT-FF pairs:     0  out of      0         
   Number of unique control sets:         0

IO Utilization: 
 Number of IOs:                          14
 Number of bonded IOBs:                  14  out of    210     6%  

Specific Feature Utilization:

---------------------------
Partition Resource Summary:
---------------------------

  No Partitions were found in this design.

---------------------------


=========================================================================
Timing Report

NOTE: THESE TIMING NUMBERS ARE ONLY A SYNTHESIS ESTIMATE.
      FOR ACCURATE TIMING INFORMATION PLEASE REFER TO THE TRACE REPORT
      GENERATED AFTER PLACE-and-ROUTE.

Clock Information:
------------------
No clock signals found in this design

Asynchronous Control Signals Information:
----------------------------------------
No asynchronous control signals found in this design

Timing Summary:
---------------
Speed Grade: -3

   Minimum period: No path found
   Minimum input arrival time before clock: No path found
   Maximum output required time after clock: No path found
   Maximum combinational path delay: 7.414ns

Timing Details:
---------------
All values displayed in nanoseconds (ns)

=========================================================================
Timing constraint: Default path analysis
  Total number of paths / destination ports: 53 / 5
-------------------------------------------------------------------------
Delay:               7.414ns (Levels of Logic = 11)
  Source:            B0 (PAD)
  Destination:       S4 (PAD)

  Data Path: B0 to S4
                                Gate     Net
    Cell:in->out      fanout   Delay   Delay  Logical Name (Net Name)
    ----------------------------------------  ------------
     IBUF:I->O             2   0.001   0.698  B0_IBUF (B0_IBUF)
     XOR2:I0->O            2   0.097   0.698  XLXI_1/XLXI_4 (XLXI_1/XLXN_9)
     AND2:I0->O            1   0.097   0.683  XLXI_1/XLXI_2 (XLXI_1/XLXN_6)
     OR2:I1->O             2   0.107   0.688  XLXI_1/XLXI_3 (XLXN_38)
     AND2:I1->O            1   0.107   0.683  XLXI_2/XLXI_2 (XLXI_2/XLXN_6)
     OR2:I1->O             2   0.107   0.688  XLXI_2/XLXI_3 (XLXN_39)
     AND2:I1->O            1   0.107   0.683  XLXI_3/XLXI_2 (XLXI_3/XLXN_6)
     OR2:I1->O             2   0.107   0.688  XLXI_3/XLXI_3 (XLXN_40)
     AND2:I1->O            1   0.107   0.683  XLXI_4/XLXI_2 (XLXI_4/XLXN_6)
     OR2:I1->O             1   0.107   0.279  XLXI_4/XLXI_3 (S4_OBUF)
     OBUF:I->O                 0.000          S4_OBUF (S4)
    ----------------------------------------
    Total                      7.414ns (0.944ns logic, 6.470ns route)
                                       (12.7% logic, 87.3% route)

=========================================================================

Cross Clock Domains Report:
--------------------------

=========================================================================


Total REAL time to Xst completion: 8.00 secs
Total CPU time to Xst completion: 8.18 secs
 
--> 

Total memory usage is 4674452 kilobytes

Number of errors   :    0 (   0 filtered)
Number of warnings :    0 (   0 filtered)
Number of infos    :    0 (   0 filtered)

