--------------------------------------------------------------------------------
Release 14.4 Trace  (nt64)
Copyright (c) 1995-2012 Xilinx, Inc.  All rights reserved.

C:\Xilinx\14.4\ISE_DS\ISE\bin\nt64\unwrapped\trce.exe -intstyle ise -v 3 -s 3
-n 3 -fastpaths -xml ADD_FA_1bit.twx ADD_FA_1bit.ncd -o ADD_FA_1bit.twr
ADD_FA_1bit.pcf

Design file:              ADD_FA_1bit.ncd
Physical constraint file: ADD_FA_1bit.pcf
Device,package,speed:     xc7a100t,csg324,C,-3 (ADVANCED 1.06 2012-12-04)
Report level:             verbose report

Environment Variable      Effect 
--------------------      ------ 
NONE                      No environment variables were set
--------------------------------------------------------------------------------

INFO:Timing:2698 - No timing constraints found, doing default enumeration.
INFO:Timing:3412 - To improve timing, see the Timing Closure User Guide (UG612).
INFO:Timing:2752 - To get complete path coverage, use the unconstrained paths 
   option. All paths that are not constrained will be reported in the 
   unconstrained paths section(s) of the report.
INFO:Timing:3339 - The clock-to-out numbers in this timing report are based on 
   a 50 Ohm transmission line loading model.  For the details of this model, 
   and for more information on accounting for different loading conditions, 
   please see the device datasheet.



Data Sheet report:
-----------------
All values displayed in nanoseconds (ns)

Pad to Pad
---------------+---------------+---------+
Source Pad     |Destination Pad|  Delay  |
---------------+---------------+---------+
ai             |rip1           |    6.071|
ai             |si             |    5.893|
bi             |rip1           |    5.854|
bi             |si             |    5.676|
ri             |rip1           |    5.060|
ri             |si             |    5.462|
---------------+---------------+---------+


Analysis completed Wed Sep 29 09:33:15 2021 
--------------------------------------------------------------------------------

Trace Settings:
-------------------------
Trace Settings 

Peak Memory Usage: 5012 MB



