Running: C:\Xilinx\14.4\ISE_DS\ISE\bin\nt64\unwrapped\fuse.exe -intstyle ise -incremental -lib secureip -o C:/TP_FPGA/tp/tp2/ADD_FA_1bit_ADD_FA_1bit_sch_tb_isim_beh.exe -prj C:/TP_FPGA/tp/tp2/ADD_FA_1bit_ADD_FA_1bit_sch_tb_beh.prj work.ADD_FA_1bit_ADD_FA_1bit_sch_tb 
ISim P.49d (signature 0x7708f090)
Number of CPUs detected in this system: 8
Turning on mult-threading, number of parallel sub-compilation jobs: 16 
Determining compilation order of HDL files
Parsing VHDL file "C:/TP_FPGA/tp/tp2/ADD_FA_1bit.vhf" into library work
Parsing VHDL file "C:/TP_FPGA/tp/tp2/test_bench.vhd" into library work
Starting static elaboration
Completed static elaboration
Compiling package standard
Compiling package std_logic_1164
Compiling package numeric_std
Compiling package vcomponents
Compiling architecture and2_v of entity AND2 [and2_default]
Compiling architecture or2_v of entity OR2 [or2_default]
Compiling architecture xor2_v of entity XOR2 [xor2_default]
Compiling architecture behavioral of entity ADD_FA_1bit [add_fa_1bit_default]
Compiling architecture behavioral of entity add_fa_1bit_add_fa_1bit_sch_tb
Time Resolution for simulation is 1ps.
WARNING:Simulator - Unable to copy libPortabilityNOSH.dll to the simulation executable directory: boost::filesystem::copy_file: Le chemin d accès spécifié est introuvable, "isim\ADD_FA_1bit_ADD_FA_1bit_sch_tb_isim_beh.exe.sim\libPortability.dll".
Compiled 13 VHDL Units
Built simulation executable C:/TP_FPGA/tp/tp2/ADD_FA_1bit_ADD_FA_1bit_sch_tb_isim_beh.exe
Fuse Memory Usage: 53300 KB
Fuse CPU Usage: 468 ms
